<?xml version="1.0" encoding="utf-8"?>
<coverage line-rate="0.7409" branch-rate="0.7741" version="1.9" timestamp="1759419604" lines-covered="1379" lines-valid="1861" branches-covered="528" branches-valid="682">
  <sources>
    <source>F:\programming\csharp\xohub-dotnet-react\server\</source>
  </sources>
  <packages>
    <package name="TicTacToe.Server" line-rate="0.7409" branch-rate="0.7741" complexity="765">
      <classes>
        <class name="Program" filename="Program.cs" line-rate="0" branch-rate="0" complexity="58">
          <methods>
            <method name="&lt;Main&gt;$" signature="(System.String[])" line-rate="0" branch-rate="0" complexity="58">
              <lines>
                <line number="13" hits="0" branch="False" />
                <line number="14" hits="0" branch="False" />
                <line number="15" hits="0" branch="False" />
                <line number="16" hits="0" branch="False" />
                <line number="18" hits="0" branch="False" />
                <line number="25" hits="0" branch="False" />
                <line number="26" hits="0" branch="False" />
                <line number="27" hits="0" branch="False" />
                <line number="28" hits="0" branch="False" />
                <line number="34" hits="0" branch="False" />
                <line number="35" hits="0" branch="False" />
                <line number="36" hits="0" branch="False" />
                <line number="39" hits="0" branch="True" condition-coverage="0% (0/2)">
                  <conditions>
                    <condition number="181" type="jump" coverage="0%" />
                  </conditions>
                </line>
                <line number="40" hits="0" branch="False" />
                <line number="41" hits="0" branch="False" />
                <line number="42" hits="0" branch="False" />
                <line number="43" hits="0" branch="False" />
                <line number="44" hits="0" branch="False" />
                <line number="46" hits="0" branch="False" />
                <line number="47" hits="0" branch="False" />
                <line number="48" hits="0" branch="False" />
                <line number="49" hits="0" branch="False" />
                <line number="50" hits="0" branch="False" />
                <line number="57" hits="0" branch="False" />
                <line number="58" hits="0" branch="False" />
                <line number="59" hits="0" branch="False" />
                <line number="62" hits="0" branch="False" />
                <line number="65" hits="0" branch="False" />
                <line number="68" hits="0" branch="False" />
                <line number="71" hits="0" branch="False" />
                <line number="77" hits="0" branch="False" />
                <line number="78" hits="0" branch="False" />
                <line number="79" hits="0" branch="False" />
                <line number="80" hits="0" branch="True" condition-coverage="0% (0/4)">
                  <conditions>
                    <condition number="62" type="jump" coverage="0%" />
                    <condition number="99" type="jump" coverage="0%" />
                  </conditions>
                </line>
                <line number="81" hits="0" branch="False" />
                <line number="82" hits="0" branch="False" />
                <line number="83" hits="0" branch="False" />
                <line number="84" hits="0" branch="False" />
                <line number="85" hits="0" branch="False" />
                <line number="86" hits="0" branch="False" />
                <line number="87" hits="0" branch="False" />
                <line number="88" hits="0" branch="False" />
                <line number="89" hits="0" branch="False" />
                <line number="90" hits="0" branch="False" />
                <line number="91" hits="0" branch="False" />
                <line number="92" hits="0" branch="False" />
                <line number="93" hits="0" branch="False" />
                <line number="94" hits="0" branch="False" />
                <line number="95" hits="0" branch="False" />
                <line number="96" hits="0" branch="False" />
                <line number="97" hits="0" branch="False" />
                <line number="98" hits="0" branch="False" />
                <line number="99" hits="0" branch="False" />
                <line number="100" hits="0" branch="False" />
                <line number="101" hits="0" branch="False" />
                <line number="102" hits="0" branch="True" condition-coverage="0% (0/2)">
                  <conditions>
                    <condition number="39" type="jump" coverage="0%" />
                  </conditions>
                </line>
                <line number="103" hits="0" branch="False" />
                <line number="104" hits="0" branch="False" />
                <line number="105" hits="0" branch="False" />
                <line number="106" hits="0" branch="False" />
                <line number="107" hits="0" branch="False" />
                <line number="108" hits="0" branch="False" />
                <line number="109" hits="0" branch="False" />
                <line number="110" hits="0" branch="False" />
                <line number="111" hits="0" branch="False" />
                <line number="112" hits="0" branch="False" />
                <line number="113" hits="0" branch="False" />
                <line number="114" hits="0" branch="False" />
                <line number="115" hits="0" branch="False" />
                <line number="116" hits="0" branch="False" />
                <line number="117" hits="0" branch="False" />
                <line number="118" hits="0" branch="True" condition-coverage="0% (0/4)">
                  <conditions>
                    <condition number="25" type="jump" coverage="0%" />
                    <condition number="42" type="jump" coverage="0%" />
                  </conditions>
                </line>
                <line number="119" hits="0" branch="False" />
                <line number="120" hits="0" branch="False" />
                <line number="121" hits="0" branch="False" />
                <line number="122" hits="0" branch="False" />
                <line number="123" hits="0" branch="False" />
                <line number="125" hits="0" branch="False" />
                <line number="131" hits="0" branch="False" />
                <line number="132" hits="0" branch="False" />
                <line number="133" hits="0" branch="False" />
                <line number="134" hits="0" branch="False" />
                <line number="135" hits="0" branch="False" />
                <line number="136" hits="0" branch="False" />
                <line number="142" hits="0" branch="False" />
                <line number="143" hits="0" branch="False" />
                <line number="144" hits="0" branch="False" />
                <line number="145" hits="0" branch="False" />
                <line number="146" hits="0" branch="False" />
                <line number="147" hits="0" branch="False" />
                <line number="148" hits="0" branch="False" />
                <line number="149" hits="0" branch="False" />
                <line number="155" hits="0" branch="False" />
                <line number="156" hits="0" branch="False" />
                <line number="157" hits="0" branch="True" condition-coverage="0% (0/2)">
                  <conditions>
                    <condition number="14" type="jump" coverage="0%" />
                  </conditions>
                </line>
                <line number="158" hits="0" branch="False" />
                <line number="159" hits="0" branch="False" />
                <line number="160" hits="0" branch="True" condition-coverage="0% (0/4)">
                  <conditions>
                    <condition number="29" type="jump" coverage="0%" />
                    <condition number="41" type="jump" coverage="0%" />
                  </conditions>
                </line>
                <line number="161" hits="0" branch="False" />
                <line number="162" hits="0" branch="False" />
                <line number="163" hits="0" branch="False" />
                <line number="164" hits="0" branch="False" />
                <line number="165" hits="0" branch="False" />
                <line number="166" hits="0" branch="False" />
                <line number="167" hits="0" branch="False" />
                <line number="168" hits="0" branch="False" />
                <line number="169" hits="0" branch="False" />
                <line number="170" hits="0" branch="False" />
                <line number="171" hits="0" branch="False" />
                <line number="172" hits="0" branch="False" />
                <line number="173" hits="0" branch="False" />
                <line number="174" hits="0" branch="False" />
                <line number="175" hits="0" branch="False" />
                <line number="176" hits="0" branch="False" />
                <line number="182" hits="0" branch="False" />
                <line number="183" hits="0" branch="False" />
                <line number="184" hits="0" branch="False" />
                <line number="185" hits="0" branch="False" />
                <line number="186" hits="0" branch="False" />
                <line number="187" hits="0" branch="False" />
                <line number="190" hits="0" branch="False" />
                <line number="191" hits="0" branch="False" />
                <line number="192" hits="0" branch="False" />
                <line number="193" hits="0" branch="True" condition-coverage="0% (0/2)">
                  <conditions>
                    <condition number="26" type="jump" coverage="0%" />
                  </conditions>
                </line>
                <line number="194" hits="0" branch="False" />
                <line number="195" hits="0" branch="False" />
                <line number="196" hits="0" branch="True" condition-coverage="0% (0/2)">
                  <conditions>
                    <condition number="13" type="jump" coverage="0%" />
                  </conditions>
                </line>
                <line number="197" hits="0" branch="False" />
                <line number="198" hits="0" branch="True" condition-coverage="0% (0/2)">
                  <conditions>
                    <condition number="68" type="jump" coverage="0%" />
                  </conditions>
                </line>
                <line number="199" hits="0" branch="False" />
                <line number="200" hits="0" branch="False" />
                <line number="201" hits="0" branch="False" />
                <line number="202" hits="0" branch="False" />
                <line number="203" hits="0" branch="True" condition-coverage="0% (0/4)">
                  <conditions>
                    <condition number="94" type="jump" coverage="0%" />
                    <condition number="109" type="jump" coverage="0%" />
                  </conditions>
                </line>
                <line number="204" hits="0" branch="False" />
                <line number="205" hits="0" branch="False" />
                <line number="206" hits="0" branch="False" />
                <line number="207" hits="0" branch="False" />
                <line number="208" hits="0" branch="False" />
                <line number="209" hits="0" branch="False" />
                <line number="210" hits="0" branch="False" />
                <line number="211" hits="0" branch="False" />
                <line number="212" hits="0" branch="True" condition-coverage="0% (0/2)">
                  <conditions>
                    <condition number="69" type="jump" coverage="0%" />
                  </conditions>
                </line>
                <line number="213" hits="0" branch="False" />
                <line number="214" hits="0" branch="False" />
                <line number="215" hits="0" branch="True" condition-coverage="0% (0/2)">
                  <conditions>
                    <condition number="13" type="jump" coverage="0%" />
                  </conditions>
                </line>
                <line number="216" hits="0" branch="False" />
                <line number="217" hits="0" branch="True" condition-coverage="0% (0/2)">
                  <conditions>
                    <condition number="68" type="jump" coverage="0%" />
                  </conditions>
                </line>
                <line number="218" hits="0" branch="False" />
                <line number="219" hits="0" branch="False" />
                <line number="220" hits="0" branch="False" />
                <line number="221" hits="0" branch="False" />
                <line number="222" hits="0" branch="True" condition-coverage="0% (0/4)">
                  <conditions>
                    <condition number="94" type="jump" coverage="0%" />
                    <condition number="109" type="jump" coverage="0%" />
                  </conditions>
                </line>
                <line number="223" hits="0" branch="False" />
                <line number="224" hits="0" branch="False" />
                <line number="225" hits="0" branch="False" />
                <line number="226" hits="0" branch="False" />
                <line number="227" hits="0" branch="False" />
                <line number="228" hits="0" branch="False" />
                <line number="229" hits="0" branch="False" />
                <line number="230" hits="0" branch="False" />
                <line number="236" hits="0" branch="False" />
                <line number="242" hits="0" branch="False" />
                <line number="249" hits="0" branch="False" />
                <line number="250" hits="0" branch="False" />
                <line number="251" hits="0" branch="False" />
                <line number="254" hits="0" branch="False" />
                <line number="256" hits="0" branch="False" />
                <line number="259" hits="0" branch="False" />
                <line number="260" hits="0" branch="False" />
                <line number="261" hits="0" branch="False" />
                <line number="262" hits="0" branch="False" />
                <line number="263" hits="0" branch="False" />
                <line number="264" hits="0" branch="False" />
                <line number="265" hits="0" branch="False" />
                <line number="267" hits="0" branch="False" />
                <line number="268" hits="0" branch="False" />
                <line number="271" hits="0" branch="False" />
                <line number="278" hits="0" branch="True" condition-coverage="0% (0/2)">
                  <conditions>
                    <condition number="943" type="jump" coverage="0%" />
                  </conditions>
                </line>
                <line number="279" hits="0" branch="False" />
                <line number="280" hits="0" branch="False" />
                <line number="281" hits="0" branch="False" />
                <line number="284" hits="0" branch="False" />
                <line number="287" hits="0" branch="False" />
                <line number="290" hits="0" branch="False" />
                <line number="293" hits="0" branch="False" />
                <line number="296" hits="0" branch="False" />
                <line number="299" hits="0" branch="False" />
                <line number="300" hits="0" branch="False" />
                <line number="303" hits="0" branch="False" />
                <line number="306" hits="0" branch="False" />
                <line number="309" hits="0" branch="False" />
                <line number="315" hits="0" branch="True" condition-coverage="0% (0/2)">
                  <conditions>
                    <condition number="1066" type="jump" coverage="0%" />
                  </conditions>
                </line>
                <line number="316" hits="0" branch="False" />
                <line number="317" hits="0" branch="False" />
                <line number="318" hits="0" branch="False" />
                <line number="320" hits="0" branch="False" />
                <line number="321" hits="0" branch="False" />
                <line number="322" hits="0" branch="False" />
                <line number="323" hits="0" branch="False" />
                <line number="329" hits="0" branch="False" />
                <line number="330" hits="0" branch="False" />
                <line number="332" hits="0" branch="True" condition-coverage="0% (0/2)">
                  <conditions>
                    <condition number="1184" type="jump" coverage="0%" />
                  </conditions>
                </line>
                <line number="333" hits="0" branch="True" condition-coverage="0% (0/2)">
                  <conditions>
                    <condition number="1212" type="jump" coverage="0%" />
                  </conditions>
                </line>
                <line number="334" hits="0" branch="True" condition-coverage="0% (0/2)">
                  <conditions>
                    <condition number="1240" type="jump" coverage="0%" />
                  </conditions>
                </line>
                <line number="336" hits="0" branch="False" />
                <line number="337" hits="0" branch="False" />
                <line number="338" hits="0" branch="False" />
                <line number="339" hits="0" branch="True" condition-coverage="0% (0/2)">
                  <conditions>
                    <condition number="1381" type="jump" coverage="0%" />
                  </conditions>
                </line>
                <line number="340" hits="0" branch="False" />
                <line number="341" hits="0" branch="False" />
                <line number="342" hits="0" branch="False" />
                <line number="343" hits="0" branch="True" condition-coverage="0% (0/2)">
                  <conditions>
                    <condition number="1421" type="jump" coverage="0%" />
                  </conditions>
                </line>
                <line number="344" hits="0" branch="True" condition-coverage="0% (0/2)">
                  <conditions>
                    <condition number="1456" type="jump" coverage="0%" />
                  </conditions>
                </line>
                <line number="345" hits="0" branch="True" condition-coverage="0% (0/2)">
                  <conditions>
                    <condition number="1491" type="jump" coverage="0%" />
                  </conditions>
                </line>
                <line number="346" hits="0" branch="True" condition-coverage="0% (0/2)">
                  <conditions>
                    <condition number="1526" type="jump" coverage="0%" />
                  </conditions>
                </line>
                <line number="352" hits="0" branch="False" />
              </lines>
            </method>
          </methods>
          <lines>
            <line number="13" hits="0" branch="False" />
            <line number="14" hits="0" branch="False" />
            <line number="15" hits="0" branch="False" />
            <line number="16" hits="0" branch="False" />
            <line number="18" hits="0" branch="False" />
            <line number="25" hits="0" branch="False" />
            <line number="26" hits="0" branch="False" />
            <line number="27" hits="0" branch="False" />
            <line number="28" hits="0" branch="False" />
            <line number="34" hits="0" branch="False" />
            <line number="35" hits="0" branch="False" />
            <line number="36" hits="0" branch="False" />
            <line number="39" hits="0" branch="True" condition-coverage="0% (0/2)">
              <conditions>
                <condition number="181" type="jump" coverage="0%" />
              </conditions>
            </line>
            <line number="40" hits="0" branch="False" />
            <line number="41" hits="0" branch="False" />
            <line number="42" hits="0" branch="False" />
            <line number="43" hits="0" branch="False" />
            <line number="44" hits="0" branch="False" />
            <line number="46" hits="0" branch="False" />
            <line number="47" hits="0" branch="False" />
            <line number="48" hits="0" branch="False" />
            <line number="49" hits="0" branch="False" />
            <line number="50" hits="0" branch="False" />
            <line number="57" hits="0" branch="False" />
            <line number="58" hits="0" branch="False" />
            <line number="59" hits="0" branch="False" />
            <line number="62" hits="0" branch="False" />
            <line number="65" hits="0" branch="False" />
            <line number="68" hits="0" branch="False" />
            <line number="71" hits="0" branch="False" />
            <line number="77" hits="0" branch="False" />
            <line number="78" hits="0" branch="False" />
            <line number="79" hits="0" branch="False" />
            <line number="80" hits="0" branch="True" condition-coverage="0% (0/4)">
              <conditions>
                <condition number="62" type="jump" coverage="0%" />
                <condition number="99" type="jump" coverage="0%" />
              </conditions>
            </line>
            <line number="81" hits="0" branch="False" />
            <line number="82" hits="0" branch="False" />
            <line number="83" hits="0" branch="False" />
            <line number="84" hits="0" branch="False" />
            <line number="85" hits="0" branch="False" />
            <line number="86" hits="0" branch="False" />
            <line number="87" hits="0" branch="False" />
            <line number="88" hits="0" branch="False" />
            <line number="89" hits="0" branch="False" />
            <line number="90" hits="0" branch="False" />
            <line number="91" hits="0" branch="False" />
            <line number="92" hits="0" branch="False" />
            <line number="93" hits="0" branch="False" />
            <line number="94" hits="0" branch="False" />
            <line number="95" hits="0" branch="False" />
            <line number="96" hits="0" branch="False" />
            <line number="97" hits="0" branch="False" />
            <line number="98" hits="0" branch="False" />
            <line number="99" hits="0" branch="False" />
            <line number="100" hits="0" branch="False" />
            <line number="101" hits="0" branch="False" />
            <line number="102" hits="0" branch="True" condition-coverage="0% (0/2)">
              <conditions>
                <condition number="39" type="jump" coverage="0%" />
              </conditions>
            </line>
            <line number="103" hits="0" branch="False" />
            <line number="104" hits="0" branch="False" />
            <line number="105" hits="0" branch="False" />
            <line number="106" hits="0" branch="False" />
            <line number="107" hits="0" branch="False" />
            <line number="108" hits="0" branch="False" />
            <line number="109" hits="0" branch="False" />
            <line number="110" hits="0" branch="False" />
            <line number="111" hits="0" branch="False" />
            <line number="112" hits="0" branch="False" />
            <line number="113" hits="0" branch="False" />
            <line number="114" hits="0" branch="False" />
            <line number="115" hits="0" branch="False" />
            <line number="116" hits="0" branch="False" />
            <line number="117" hits="0" branch="False" />
            <line number="118" hits="0" branch="True" condition-coverage="0% (0/4)">
              <conditions>
                <condition number="25" type="jump" coverage="0%" />
                <condition number="42" type="jump" coverage="0%" />
              </conditions>
            </line>
            <line number="119" hits="0" branch="False" />
            <line number="120" hits="0" branch="False" />
            <line number="121" hits="0" branch="False" />
            <line number="122" hits="0" branch="False" />
            <line number="123" hits="0" branch="False" />
            <line number="125" hits="0" branch="False" />
            <line number="131" hits="0" branch="False" />
            <line number="132" hits="0" branch="False" />
            <line number="133" hits="0" branch="False" />
            <line number="134" hits="0" branch="False" />
            <line number="135" hits="0" branch="False" />
            <line number="136" hits="0" branch="False" />
            <line number="142" hits="0" branch="False" />
            <line number="143" hits="0" branch="False" />
            <line number="144" hits="0" branch="False" />
            <line number="145" hits="0" branch="False" />
            <line number="146" hits="0" branch="False" />
            <line number="147" hits="0" branch="False" />
            <line number="148" hits="0" branch="False" />
            <line number="149" hits="0" branch="False" />
            <line number="155" hits="0" branch="False" />
            <line number="156" hits="0" branch="False" />
            <line number="157" hits="0" branch="True" condition-coverage="0% (0/2)">
              <conditions>
                <condition number="14" type="jump" coverage="0%" />
              </conditions>
            </line>
            <line number="158" hits="0" branch="False" />
            <line number="159" hits="0" branch="False" />
            <line number="160" hits="0" branch="True" condition-coverage="0% (0/4)">
              <conditions>
                <condition number="29" type="jump" coverage="0%" />
                <condition number="41" type="jump" coverage="0%" />
              </conditions>
            </line>
            <line number="161" hits="0" branch="False" />
            <line number="162" hits="0" branch="False" />
            <line number="163" hits="0" branch="False" />
            <line number="164" hits="0" branch="False" />
            <line number="165" hits="0" branch="False" />
            <line number="166" hits="0" branch="False" />
            <line number="167" hits="0" branch="False" />
            <line number="168" hits="0" branch="False" />
            <line number="169" hits="0" branch="False" />
            <line number="170" hits="0" branch="False" />
            <line number="171" hits="0" branch="False" />
            <line number="172" hits="0" branch="False" />
            <line number="173" hits="0" branch="False" />
            <line number="174" hits="0" branch="False" />
            <line number="175" hits="0" branch="False" />
            <line number="176" hits="0" branch="False" />
            <line number="182" hits="0" branch="False" />
            <line number="183" hits="0" branch="False" />
            <line number="184" hits="0" branch="False" />
            <line number="185" hits="0" branch="False" />
            <line number="186" hits="0" branch="False" />
            <line number="187" hits="0" branch="False" />
            <line number="190" hits="0" branch="False" />
            <line number="191" hits="0" branch="False" />
            <line number="192" hits="0" branch="False" />
            <line number="193" hits="0" branch="True" condition-coverage="0% (0/2)">
              <conditions>
                <condition number="26" type="jump" coverage="0%" />
              </conditions>
            </line>
            <line number="194" hits="0" branch="False" />
            <line number="195" hits="0" branch="False" />
            <line number="196" hits="0" branch="True" condition-coverage="0% (0/2)">
              <conditions>
                <condition number="13" type="jump" coverage="0%" />
              </conditions>
            </line>
            <line number="197" hits="0" branch="False" />
            <line number="198" hits="0" branch="True" condition-coverage="0% (0/2)">
              <conditions>
                <condition number="68" type="jump" coverage="0%" />
              </conditions>
            </line>
            <line number="199" hits="0" branch="False" />
            <line number="200" hits="0" branch="False" />
            <line number="201" hits="0" branch="False" />
            <line number="202" hits="0" branch="False" />
            <line number="203" hits="0" branch="True" condition-coverage="0% (0/4)">
              <conditions>
                <condition number="94" type="jump" coverage="0%" />
                <condition number="109" type="jump" coverage="0%" />
              </conditions>
            </line>
            <line number="204" hits="0" branch="False" />
            <line number="205" hits="0" branch="False" />
            <line number="206" hits="0" branch="False" />
            <line number="207" hits="0" branch="False" />
            <line number="208" hits="0" branch="False" />
            <line number="209" hits="0" branch="False" />
            <line number="210" hits="0" branch="False" />
            <line number="211" hits="0" branch="False" />
            <line number="212" hits="0" branch="True" condition-coverage="0% (0/2)">
              <conditions>
                <condition number="69" type="jump" coverage="0%" />
              </conditions>
            </line>
            <line number="213" hits="0" branch="False" />
            <line number="214" hits="0" branch="False" />
            <line number="215" hits="0" branch="True" condition-coverage="0% (0/2)">
              <conditions>
                <condition number="13" type="jump" coverage="0%" />
              </conditions>
            </line>
            <line number="216" hits="0" branch="False" />
            <line number="217" hits="0" branch="True" condition-coverage="0% (0/2)">
              <conditions>
                <condition number="68" type="jump" coverage="0%" />
              </conditions>
            </line>
            <line number="218" hits="0" branch="False" />
            <line number="219" hits="0" branch="False" />
            <line number="220" hits="0" branch="False" />
            <line number="221" hits="0" branch="False" />
            <line number="222" hits="0" branch="True" condition-coverage="0% (0/4)">
              <conditions>
                <condition number="94" type="jump" coverage="0%" />
                <condition number="109" type="jump" coverage="0%" />
              </conditions>
            </line>
            <line number="223" hits="0" branch="False" />
            <line number="224" hits="0" branch="False" />
            <line number="225" hits="0" branch="False" />
            <line number="226" hits="0" branch="False" />
            <line number="227" hits="0" branch="False" />
            <line number="228" hits="0" branch="False" />
            <line number="229" hits="0" branch="False" />
            <line number="230" hits="0" branch="False" />
            <line number="236" hits="0" branch="False" />
            <line number="242" hits="0" branch="False" />
            <line number="249" hits="0" branch="False" />
            <line number="250" hits="0" branch="False" />
            <line number="251" hits="0" branch="False" />
            <line number="254" hits="0" branch="False" />
            <line number="256" hits="0" branch="False" />
            <line number="259" hits="0" branch="False" />
            <line number="260" hits="0" branch="False" />
            <line number="261" hits="0" branch="False" />
            <line number="262" hits="0" branch="False" />
            <line number="263" hits="0" branch="False" />
            <line number="264" hits="0" branch="False" />
            <line number="265" hits="0" branch="False" />
            <line number="267" hits="0" branch="False" />
            <line number="268" hits="0" branch="False" />
            <line number="271" hits="0" branch="False" />
            <line number="278" hits="0" branch="True" condition-coverage="0% (0/2)">
              <conditions>
                <condition number="943" type="jump" coverage="0%" />
              </conditions>
            </line>
            <line number="279" hits="0" branch="False" />
            <line number="280" hits="0" branch="False" />
            <line number="281" hits="0" branch="False" />
            <line number="284" hits="0" branch="False" />
            <line number="287" hits="0" branch="False" />
            <line number="290" hits="0" branch="False" />
            <line number="293" hits="0" branch="False" />
            <line number="296" hits="0" branch="False" />
            <line number="299" hits="0" branch="False" />
            <line number="300" hits="0" branch="False" />
            <line number="303" hits="0" branch="False" />
            <line number="306" hits="0" branch="False" />
            <line number="309" hits="0" branch="False" />
            <line number="315" hits="0" branch="True" condition-coverage="0% (0/2)">
              <conditions>
                <condition number="1066" type="jump" coverage="0%" />
              </conditions>
            </line>
            <line number="316" hits="0" branch="False" />
            <line number="317" hits="0" branch="False" />
            <line number="318" hits="0" branch="False" />
            <line number="320" hits="0" branch="False" />
            <line number="321" hits="0" branch="False" />
            <line number="322" hits="0" branch="False" />
            <line number="323" hits="0" branch="False" />
            <line number="329" hits="0" branch="False" />
            <line number="330" hits="0" branch="False" />
            <line number="332" hits="0" branch="True" condition-coverage="0% (0/2)">
              <conditions>
                <condition number="1184" type="jump" coverage="0%" />
              </conditions>
            </line>
            <line number="333" hits="0" branch="True" condition-coverage="0% (0/2)">
              <conditions>
                <condition number="1212" type="jump" coverage="0%" />
              </conditions>
            </line>
            <line number="334" hits="0" branch="True" condition-coverage="0% (0/2)">
              <conditions>
                <condition number="1240" type="jump" coverage="0%" />
              </conditions>
            </line>
            <line number="336" hits="0" branch="False" />
            <line number="337" hits="0" branch="False" />
            <line number="338" hits="0" branch="False" />
            <line number="339" hits="0" branch="True" condition-coverage="0% (0/2)">
              <conditions>
                <condition number="1381" type="jump" coverage="0%" />
              </conditions>
            </line>
            <line number="340" hits="0" branch="False" />
            <line number="341" hits="0" branch="False" />
            <line number="342" hits="0" branch="False" />
            <line number="343" hits="0" branch="True" condition-coverage="0% (0/2)">
              <conditions>
                <condition number="1421" type="jump" coverage="0%" />
              </conditions>
            </line>
            <line number="344" hits="0" branch="True" condition-coverage="0% (0/2)">
              <conditions>
                <condition number="1456" type="jump" coverage="0%" />
              </conditions>
            </line>
            <line number="345" hits="0" branch="True" condition-coverage="0% (0/2)">
              <conditions>
                <condition number="1491" type="jump" coverage="0%" />
              </conditions>
            </line>
            <line number="346" hits="0" branch="True" condition-coverage="0% (0/2)">
              <conditions>
                <condition number="1526" type="jump" coverage="0%" />
              </conditions>
            </line>
            <line number="352" hits="0" branch="False" />
          </lines>
        </class>
        <class name="XoHub.Server.Services.AIEngine" filename="Services\AIEngine.cs" line-rate="1" branch-rate="0.9934999999999999" complexity="156">
          <methods>
            <method name="GetBestMove" signature="(System.Char[0...,0...],System.Char)" line-rate="1" branch-rate="1" complexity="1">
              <lines>
                <line number="28" hits="2" branch="False" />
                <line number="29" hits="2" branch="False" />
                <line number="30" hits="2" branch="False" />
              </lines>
            </method>
            <method name="GetBestMove" signature="(System.Char[0...,0...],System.Char,XoHub.Server.Services.DifficultyLevel)" line-rate="1" branch-rate="1" complexity="8">
              <lines>
                <line number="38" hits="370" branch="False" />
                <line number="39" hits="370" branch="True" condition-coverage="100% (2/2)">
                  <conditions>
                    <condition number="4" type="jump" coverage="100%" />
                  </conditions>
                </line>
                <line number="42" hits="370" branch="True" condition-coverage="100% (6/6)">
                  <conditions>
                    <condition number="18" type="switch" coverage="100%" />
                    <condition number="43" type="jump" coverage="100%" />
                  </conditions>
                </line>
                <line number="45" hits="325" branch="False" />
                <line number="47" hits="35" branch="False" />
                <line number="49" hits="9" branch="False" />
                <line number="51" hits="1" branch="False" />
                <line number="54" hits="1" branch="False" />
                <line number="56" hits="370" branch="False" />
              </lines>
            </method>
            <method name="GetOptimalMove" signature="(System.Char[0...,0...],System.Char,System.Char)" line-rate="1" branch-rate="1" complexity="12">
              <lines>
                <line number="66" hits="102" branch="False" />
                <line number="67" hits="102" branch="False" />
                <line number="68" hits="102" branch="False" />
                <line number="70" hits="102" branch="False" />
                <line number="73" hits="1551" branch="True" condition-coverage="100% (2/2)">
                  <conditions>
                    <condition number="174" type="jump" coverage="100%" />
                  </conditions>
                </line>
                <line number="74" hits="624" branch="False" />
                <line number="75" hits="624" branch="False" />
                <line number="76" hits="624" branch="True" condition-coverage="100% (2/2)">
                  <conditions>
                    <condition number="82" type="jump" coverage="100%" />
                  </conditions>
                </line>
                <line number="77" hits="3" branch="False" />
                <line number="78" hits="3" branch="False" />
                <line number="79" hits="3" branch="False" />
                <line number="80" hits="3" branch="False" />
                <line number="82" hits="621" branch="False" />
                <line number="83" hits="621" branch="False" />
                <line number="86" hits="1492" branch="True" condition-coverage="100% (2/2)">
                  <conditions>
                    <condition number="348" type="jump" coverage="100%" />
                  </conditions>
                </line>
                <line number="87" hits="599" branch="False" />
                <line number="88" hits="599" branch="False" />
                <line number="89" hits="599" branch="True" condition-coverage="100% (2/2)">
                  <conditions>
                    <condition number="256" type="jump" coverage="100%" />
                  </conditions>
                </line>
                <line number="90" hits="3" branch="False" />
                <line number="91" hits="3" branch="False" />
                <line number="92" hits="3" branch="False" />
                <line number="93" hits="3" branch="False" />
                <line number="95" hits="596" branch="False" />
                <line number="96" hits="596" branch="False" />
                <line number="99" hits="1468" branch="True" condition-coverage="100% (2/2)">
                  <conditions>
                    <condition number="502" type="jump" coverage="100%" />
                  </conditions>
                </line>
                <line number="100" hits="590" branch="False" />
                <line number="101" hits="590" branch="False" />
                <line number="102" hits="590" branch="False" />
                <line number="103" hits="590" branch="False" />
                <line number="106" hits="590" branch="False" />
                <line number="107" hits="590" branch="False" />
                <line number="109" hits="590" branch="True" condition-coverage="100% (2/2)">
                  <conditions>
                    <condition number="477" type="jump" coverage="100%" />
                  </conditions>
                </line>
                <line number="110" hits="131" branch="False" />
                <line number="111" hits="131" branch="False" />
                <line number="112" hits="131" branch="False" />
                <line number="113" hits="131" branch="False" />
                <line number="114" hits="590" branch="False" />
                <line number="116" hits="96" branch="False" />
                <line number="117" hits="96" branch="False" />
                <line number="118" hits="102" branch="False" />
              </lines>
            </method>
            <method name="Minimax" signature="(System.Char[0...,0...],System.Boolean,System.Char,System.Char,System.Int32,System.Int32,System.Int32)" line-rate="1" branch-rate="1" complexity="16">
              <lines>
                <line number="140" hits="2223258" branch="False" />
                <line number="142" hits="2685563" branch="True" condition-coverage="100% (2/2)">
                  <conditions>
                    <condition number="11" type="jump" coverage="100%" />
                  </conditions>
                </line>
                <line number="143" hits="2071020" branch="True" condition-coverage="100% (2/2)">
                  <conditions>
                    <condition number="35" type="jump" coverage="100%" />
                  </conditions>
                </line>
                <line number="144" hits="1595912" branch="True" condition-coverage="100% (2/2)">
                  <conditions>
                    <condition number="57" type="jump" coverage="100%" />
                  </conditions>
                </line>
                <line number="146" hits="1305860" branch="True" condition-coverage="100% (2/2)">
                  <conditions>
                    <condition number="71" type="jump" coverage="100%" />
                  </conditions>
                </line>
                <line number="147" hits="749756" branch="False" />
                <line number="148" hits="749756" branch="False" />
                <line number="149" hits="749756" branch="False" />
                <line number="151" hits="4101600" branch="True" condition-coverage="100% (2/2)">
                  <conditions>
                    <condition number="275" type="jump" coverage="100%" />
                  </conditions>
                </line>
                <line number="152" hits="1162845" branch="False" />
                <line number="153" hits="1162845" branch="False" />
                <line number="154" hits="1162845" branch="False" />
                <line number="155" hits="1162845" branch="False" />
                <line number="157" hits="1162845" branch="False" />
                <line number="158" hits="1162845" branch="False" />
                <line number="161" hits="1162845" branch="True" condition-coverage="100% (2/2)">
                  <conditions>
                    <condition number="209" type="jump" coverage="100%" />
                  </conditions>
                </line>
                <line number="162" hits="473358" branch="False" />
                <line number="163" hits="473358" branch="False" />
                <line number="164" hits="473358" branch="False" />
                <line number="166" hits="689487" branch="False" />
                <line number="167" hits="749756" branch="False" />
                <line number="170" hits="556104" branch="False" />
                <line number="171" hits="556104" branch="False" />
                <line number="172" hits="556104" branch="False" />
                <line number="174" hits="3408218" branch="True" condition-coverage="100% (2/2)">
                  <conditions>
                    <condition number="505" type="jump" coverage="100%" />
                  </conditions>
                </line>
                <line number="175" hits="1059823" branch="False" />
                <line number="176" hits="1059823" branch="False" />
                <line number="177" hits="1059823" branch="False" />
                <line number="178" hits="1059823" branch="False" />
                <line number="180" hits="1059823" branch="False" />
                <line number="181" hits="1059823" branch="False" />
                <line number="184" hits="1059823" branch="True" condition-coverage="100% (2/2)">
                  <conditions>
                    <condition number="439" type="jump" coverage="100%" />
                  </conditions>
                </line>
                <line number="185" hits="379740" branch="False" />
                <line number="186" hits="379740" branch="False" />
                <line number="187" hits="379740" branch="False" />
                <line number="189" hits="680083" branch="False" />
                <line number="190" hits="556104" branch="False" />
                <line number="192" hits="2223258" branch="False" />
              </lines>
            </method>
            <method name="GetLimitedDepthMove" signature="(System.Char[0...,0...],System.Char,System.Char,System.Int32)" line-rate="1" branch-rate="1" complexity="2">
              <lines>
                <line number="199" hits="35" branch="False" />
                <line number="202" hits="35" branch="False" />
                <line number="204" hits="350" branch="True" condition-coverage="100% (2/2)">
                  <conditions>
                    <condition number="100" type="jump" coverage="100%" />
                  </conditions>
                </line>
                <line number="205" hits="140" branch="False" />
                <line number="206" hits="140" branch="False" />
                <line number="207" hits="140" branch="False" />
                <line number="208" hits="140" branch="False" />
                <line number="210" hits="35" branch="False" />
                <line number="211" hits="35" branch="False" />
              </lines>
            </method>
            <method name="GetMoveAtDepth" signature="(System.Char[0...,0...],System.Char,System.Char,System.Int32)" line-rate="1" branch-rate="1" complexity="4">
              <lines>
                <line number="214" hits="140" branch="False" />
                <line number="215" hits="140" branch="False" />
                <line number="216" hits="140" branch="False" />
                <line number="218" hits="2164" branch="True" condition-coverage="100% (2/2)">
                  <conditions>
                    <condition number="131" type="jump" coverage="100%" />
                  </conditions>
                </line>
                <line number="219" hits="872" branch="False" />
                <line number="220" hits="872" branch="False" />
                <line number="221" hits="872" branch="False" />
                <line number="222" hits="872" branch="False" />
                <line number="224" hits="872" branch="True" condition-coverage="100% (2/2)">
                  <conditions>
                    <condition number="107" type="jump" coverage="100%" />
                  </conditions>
                </line>
                <line number="225" hits="262" branch="False" />
                <line number="226" hits="262" branch="False" />
                <line number="227" hits="262" branch="False" />
                <line number="228" hits="262" branch="False" />
                <line number="229" hits="872" branch="False" />
                <line number="231" hits="140" branch="False" />
                <line number="232" hits="140" branch="False" />
              </lines>
            </method>
            <method name="MinimaxLimited" signature="(System.Char[0...,0...],System.Boolean,System.Char,System.Char,System.Int32,System.Int32,System.Int32,System.Int32)" line-rate="1" branch-rate="0.9444" complexity="18">
              <lines>
                <line number="235" hits="55611" branch="False" />
                <line number="237" hits="55611" branch="True" condition-coverage="100% (2/2)">
                  <conditions>
                    <condition number="12" type="jump" coverage="100%" />
                  </conditions>
                </line>
                <line number="238" hits="34365" branch="False" />
                <line number="239" hits="34365" branch="False" />
                <line number="243" hits="22165" branch="True" condition-coverage="100% (2/2)">
                  <conditions>
                    <condition number="41" type="jump" coverage="100%" />
                  </conditions>
                </line>
                <line number="244" hits="21425" branch="True" condition-coverage="100% (2/2)">
                  <conditions>
                    <condition number="65" type="jump" coverage="100%" />
                  </conditions>
                </line>
                <line number="245" hits="19229" branch="True" condition-coverage="50% (1/2)">
                  <conditions>
                    <condition number="89" type="jump" coverage="50%" />
                  </conditions>
                </line>
                <line number="248" hits="19229" branch="True" condition-coverage="100% (2/2)">
                  <conditions>
                    <condition number="103" type="jump" coverage="100%" />
                  </conditions>
                </line>
                <line number="249" hits="12508" branch="False" />
                <line number="250" hits="12508" branch="False" />
                <line number="251" hits="89622" branch="True" condition-coverage="100% (2/2)">
                  <conditions>
                    <condition number="248" type="jump" coverage="100%" />
                  </conditions>
                </line>
                <line number="252" hits="30387" branch="False" />
                <line number="253" hits="30387" branch="False" />
                <line number="254" hits="30387" branch="False" />
                <line number="255" hits="30387" branch="False" />
                <line number="257" hits="30387" branch="False" />
                <line number="258" hits="30387" branch="False" />
                <line number="259" hits="39063" branch="True" condition-coverage="100% (2/2)">
                  <conditions>
                    <condition number="236" type="jump" coverage="100%" />
                  </conditions>
                </line>
                <line number="260" hits="21711" branch="False" />
                <line number="261" hits="12508" branch="False" />
                <line number="264" hits="6721" branch="False" />
                <line number="265" hits="6721" branch="False" />
                <line number="266" hits="66077" branch="True" condition-coverage="100% (2/2)">
                  <conditions>
                    <condition number="416" type="jump" coverage="100%" />
                  </conditions>
                </line>
                <line number="267" hits="24352" branch="False" />
                <line number="268" hits="24352" branch="False" />
                <line number="269" hits="24352" branch="False" />
                <line number="270" hits="24352" branch="False" />
                <line number="272" hits="24352" branch="False" />
                <line number="273" hits="24352" branch="False" />
                <line number="274" hits="27142" branch="True" condition-coverage="100% (2/2)">
                  <conditions>
                    <condition number="404" type="jump" coverage="100%" />
                  </conditions>
                </line>
                <line number="275" hits="21562" branch="False" />
                <line number="276" hits="6721" branch="False" />
                <line number="278" hits="55611" branch="False" />
              </lines>
            </method>
            <method name="EvaluatePosition" signature="(System.Char[0...,0...],System.Char,System.Char)" line-rate="1" branch-rate="1" complexity="10">
              <lines>
                <line number="292" hits="34365" branch="False" />
                <line number="293" hits="34365" branch="False" />
                <line number="296" hits="46586" branch="True" condition-coverage="100% (2/2)">
                  <conditions>
                    <condition number="16" type="jump" coverage="100%" />
                  </conditions>
                </line>
                <line number="297" hits="32563" branch="True" condition-coverage="100% (2/2)">
                  <conditions>
                    <condition number="37" type="jump" coverage="100%" />
                  </conditions>
                </line>
                <line number="300" hits="34365" branch="False" />
                <line number="301" hits="378015" branch="True" condition-coverage="100% (2/2)">
                  <conditions>
                    <condition number="157" type="jump" coverage="100%" />
                  </conditions>
                </line>
                <line number="302" hits="137460" branch="False" />
                <line number="303" hits="186183" branch="True" condition-coverage="100% (2/2)">
                  <conditions>
                    <condition number="121" type="jump" coverage="100%" />
                  </conditions>
                </line>
                <line number="304" hits="132383" branch="True" condition-coverage="100% (2/2)">
                  <conditions>
                    <condition number="138" type="jump" coverage="100%" />
                  </conditions>
                </line>
                <line number="305" hits="137460" branch="False" />
                <line number="308" hits="34365" branch="False" />
                <line number="310" hits="34365" branch="False" />
                <line number="311" hits="34365" branch="False" />
              </lines>
            </method>
            <method name="EvaluateLines" signature="(System.Char[0...,0...],System.Char,System.Char)" line-rate="1" branch-rate="1" complexity="24">
              <lines>
                <line number="314" hits="34365" branch="False" />
                <line number="315" hits="34365" branch="False" />
                <line number="318" hits="34365" branch="False" />
                <line number="319" hits="34365" branch="False" />
                <line number="320" hits="34365" branch="False" />
                <line number="321" hits="34365" branch="False" />
                <line number="322" hits="34365" branch="False" />
                <line number="323" hits="34365" branch="False" />
                <line number="324" hits="34365" branch="False" />
                <line number="325" hits="34365" branch="False" />
                <line number="326" hits="34365" branch="False" />
                <line number="327" hits="34365" branch="False" />
                <line number="328" hits="34365" branch="False" />
                <line number="329" hits="34365" branch="False" />
                <line number="330" hits="34365" branch="False" />
                <line number="331" hits="34365" branch="False" />
                <line number="333" hits="652935" branch="True" condition-coverage="100% (2/2)">
                  <conditions>
                    <condition number="699" type="jump" coverage="100%" />
                  </conditions>
                </line>
                <line number="334" hits="274920" branch="False" />
                <line number="335" hits="824760" branch="False" />
                <line number="337" hits="2474280" branch="True" condition-coverage="100% (2/2)">
                  <conditions>
                    <condition number="591" type="jump" coverage="100%" />
                  </conditions>
                </line>
                <line number="338" hits="824760" branch="False" />
                <line number="339" hits="1106849" branch="True" condition-coverage="100% (2/2)">
                  <conditions>
                    <condition number="535" type="jump" coverage="100%" />
                  </conditions>
                </line>
                <line number="340" hits="775379" branch="True" condition-coverage="100% (2/2)">
                  <conditions>
                    <condition number="562" type="jump" coverage="100%" />
                  </conditions>
                </line>
                <line number="341" hits="309963" branch="False" />
                <line number="342" hits="824760" branch="False" />
                <line number="345" hits="308012" branch="True" condition-coverage="100% (4/4)">
                  <conditions>
                    <condition number="596" type="jump" coverage="100%" />
                    <condition number="610" type="jump" coverage="100%" />
                  </conditions>
                </line>
                <line number="347" hits="262622" branch="True" condition-coverage="100% (4/4)">
                  <conditions>
                    <condition number="621" type="jump" coverage="100%" />
                    <condition number="635" type="jump" coverage="100%" />
                  </conditions>
                </line>
                <line number="349" hits="260472" branch="True" condition-coverage="100% (4/4)">
                  <conditions>
                    <condition number="646" type="jump" coverage="100%" />
                    <condition number="660" type="jump" coverage="100%" />
                  </conditions>
                </line>
                <line number="351" hits="214674" branch="True" condition-coverage="100% (4/4)">
                  <conditions>
                    <condition number="671" type="jump" coverage="100%" />
                    <condition number="685" type="jump" coverage="100%" />
                  </conditions>
                </line>
                <line number="352" hits="274920" branch="False" />
                <line number="354" hits="34365" branch="False" />
                <line number="355" hits="34365" branch="False" />
              </lines>
            </method>
            <method name="GetRandomOrOptimalMove" signature="(System.Char[0...,0...],System.Char,System.Double)" line-rate="1" branch-rate="1" complexity="6">
              <lines>
                <line number="362" hits="325" branch="False" />
                <line number="364" hits="325" branch="True" condition-coverage="100% (2/2)">
                  <conditions>
                    <condition number="17" type="jump" coverage="100%" />
                  </conditions>
                </line>
                <line number="365" hits="92" branch="False" />
                <line number="366" hits="92" branch="True" condition-coverage="100% (2/2)">
                  <conditions>
                    <condition number="26" type="jump" coverage="100%" />
                  </conditions>
                </line>
                <line number="370" hits="233" branch="False" />
                <line number="371" hits="233" branch="True" condition-coverage="100% (2/2)">
                  <conditions>
                    <condition number="61" type="jump" coverage="100%" />
                  </conditions>
                </line>
                <line number="372" hits="162" branch="False" />
                <line number="373" hits="162" branch="False" />
                <line number="374" hits="162" branch="False" />
                <line number="375" hits="162" branch="False" />
                <line number="378" hits="71" branch="False" />
                <line number="379" hits="325" branch="False" />
              </lines>
            </method>
            <method name="GetAvailableMoves" signature="(System.Char[0...,0...])" line-rate="1" branch-rate="1" complexity="8">
              <lines>
                <line number="382" hits="1325564" branch="False" />
                <line number="383" hits="1325564" branch="False" />
                <line number="384" hits="10604512" branch="True" condition-coverage="100% (2/2)">
                  <conditions>
                    <condition number="90" type="jump" coverage="100%" />
                  </conditions>
                </line>
                <line number="385" hits="3976692" branch="False" />
                <line number="386" hits="31813536" branch="True" condition-coverage="100% (2/2)">
                  <conditions>
                    <condition number="75" type="jump" coverage="100%" />
                  </conditions>
                </line>
                <line number="387" hits="11930076" branch="False" />
                <line number="388" hits="11930076" branch="True" condition-coverage="100% (4/4)">
                  <conditions>
                    <condition number="25" type="jump" coverage="100%" />
                    <condition number="44" type="jump" coverage="100%" />
                  </conditions>
                </line>
                <line number="389" hits="3126791" branch="False" />
                <line number="390" hits="3126791" branch="False" />
                <line number="391" hits="3126791" branch="False" />
                <line number="392" hits="11930076" branch="False" />
                <line number="393" hits="3976692" branch="False" />
                <line number="394" hits="1325564" branch="False" />
                <line number="395" hits="1325564" branch="False" />
              </lines>
            </method>
            <method name="IsWinningMove" signature="(System.Char[0...,0...],System.Char)" line-rate="1" branch-rate="1" complexity="26">
              <lines>
                <line number="398" hits="4027007" branch="False" />
                <line number="400" hits="30205600" branch="True" condition-coverage="100% (2/2)">
                  <conditions>
                    <condition number="110" type="jump" coverage="100%" />
                  </conditions>
                </line>
                <line number="401" hits="11642323" branch="False" />
                <line number="403" hits="11642323" branch="True" condition-coverage="100% (6/6)">
                  <conditions>
                    <condition number="15" type="jump" coverage="100%" />
                    <condition number="26" type="jump" coverage="100%" />
                    <condition number="44" type="jump" coverage="100%" />
                  </conditions>
                </line>
                <line number="404" hits="309833" branch="False" />
                <line number="406" hits="11332490" branch="True" condition-coverage="100% (6/6)">
                  <conditions>
                    <condition number="62" type="jump" coverage="100%" />
                    <condition number="73" type="jump" coverage="100%" />
                    <condition number="91" type="jump" coverage="100%" />
                  </conditions>
                </line>
                <line number="407" hits="256697" branch="False" />
                <line number="408" hits="11075793" branch="False" />
                <line number="411" hits="3460477" branch="True" condition-coverage="100% (6/6)">
                  <conditions>
                    <condition number="121" type="jump" coverage="100%" />
                    <condition number="132" type="jump" coverage="100%" />
                    <condition number="152" type="jump" coverage="100%" />
                  </conditions>
                </line>
                <line number="412" hits="115201" branch="False" />
                <line number="413" hits="3345276" branch="True" condition-coverage="100% (6/6)">
                  <conditions>
                    <condition number="167" type="jump" coverage="100%" />
                    <condition number="178" type="jump" coverage="100%" />
                    <condition number="198" type="jump" coverage="100%" />
                  </conditions>
                </line>
                <line number="414" hits="92664" branch="False" />
                <line number="416" hits="3252612" branch="False" />
                <line number="417" hits="4027007" branch="False" />
              </lines>
            </method>
            <method name="GetPositionBonus" signature="(System.Int32,System.Int32)" line-rate="1" branch-rate="1" complexity="12">
              <lines>
                <line number="420" hits="590" branch="False" />
                <line number="422" hits="656" branch="True" condition-coverage="100% (4/4)">
                  <conditions>
                    <condition number="3" type="jump" coverage="100%" />
                    <condition number="14" type="jump" coverage="100%" />
                  </conditions>
                </line>
                <line number="424" hits="786" branch="True" condition-coverage="100% (8/8)">
                  <conditions>
                    <condition number="21" type="jump" coverage="100%" />
                    <condition number="25" type="jump" coverage="100%" />
                    <condition number="28" type="jump" coverage="100%" />
                    <condition number="42" type="jump" coverage="100%" />
                  </conditions>
                </line>
                <line number="426" hits="262" branch="False" />
                <line number="427" hits="590" branch="False" />
              </lines>
            </method>
            <method name="IsBoardFull" signature="(System.Char[0...,0...])" line-rate="1" branch-rate="1" complexity="8">
              <lines>
                <line number="430" hits="1470115" branch="False" />
                <line number="431" hits="6402378" branch="True" condition-coverage="100% (2/2)">
                  <conditions>
                    <condition number="72" type="jump" coverage="100%" />
                  </conditions>
                </line>
                <line number="432" hits="3056163" branch="False" />
                <line number="433" hits="19244504" branch="True" condition-coverage="100% (2/2)">
                  <conditions>
                    <condition number="57" type="jump" coverage="100%" />
                  </conditions>
                </line>
                <line number="434" hits="7891178" branch="False" />
                <line number="435" hits="7891178" branch="True" condition-coverage="100% (4/4)">
                  <conditions>
                    <condition number="19" type="jump" coverage="100%" />
                    <condition number="38" type="jump" coverage="100%" />
                  </conditions>
                </line>
                <line number="436" hits="1325089" branch="False" />
                <line number="437" hits="6566089" branch="False" />
                <line number="438" hits="1731074" branch="False" />
                <line number="439" hits="145026" branch="False" />
                <line number="440" hits="1470115" branch="False" />
              </lines>
            </method>
            <method name=".ctor" signature="(Microsoft.Extensions.Logging.ILogger`1&lt;XoHub.Server.Services.AIEngine&gt;)" line-rate="1" branch-rate="1" complexity="1">
              <lines>
                <line number="21" hits="50" branch="False" />
                <line number="22" hits="50" branch="False" />
                <line number="23" hits="50" branch="False" />
                <line number="24" hits="50" branch="False" />
                <line number="25" hits="50" branch="False" />
              </lines>
            </method>
          </methods>
          <lines>
            <line number="28" hits="2" branch="False" />
            <line number="29" hits="2" branch="False" />
            <line number="30" hits="2" branch="False" />
            <line number="38" hits="370" branch="False" />
            <line number="39" hits="370" branch="True" condition-coverage="100% (2/2)">
              <conditions>
                <condition number="4" type="jump" coverage="100%" />
              </conditions>
            </line>
            <line number="42" hits="370" branch="True" condition-coverage="100% (6/6)">
              <conditions>
                <condition number="18" type="switch" coverage="100%" />
                <condition number="43" type="jump" coverage="100%" />
              </conditions>
            </line>
            <line number="45" hits="325" branch="False" />
            <line number="47" hits="35" branch="False" />
            <line number="49" hits="9" branch="False" />
            <line number="51" hits="1" branch="False" />
            <line number="54" hits="1" branch="False" />
            <line number="56" hits="370" branch="False" />
            <line number="66" hits="102" branch="False" />
            <line number="67" hits="102" branch="False" />
            <line number="68" hits="102" branch="False" />
            <line number="70" hits="102" branch="False" />
            <line number="73" hits="1551" branch="True" condition-coverage="100% (2/2)">
              <conditions>
                <condition number="174" type="jump" coverage="100%" />
              </conditions>
            </line>
            <line number="74" hits="624" branch="False" />
            <line number="75" hits="624" branch="False" />
            <line number="76" hits="624" branch="True" condition-coverage="100% (2/2)">
              <conditions>
                <condition number="82" type="jump" coverage="100%" />
              </conditions>
            </line>
            <line number="77" hits="3" branch="False" />
            <line number="78" hits="3" branch="False" />
            <line number="79" hits="3" branch="False" />
            <line number="80" hits="3" branch="False" />
            <line number="82" hits="621" branch="False" />
            <line number="83" hits="621" branch="False" />
            <line number="86" hits="1492" branch="True" condition-coverage="100% (2/2)">
              <conditions>
                <condition number="348" type="jump" coverage="100%" />
              </conditions>
            </line>
            <line number="87" hits="599" branch="False" />
            <line number="88" hits="599" branch="False" />
            <line number="89" hits="599" branch="True" condition-coverage="100% (2/2)">
              <conditions>
                <condition number="256" type="jump" coverage="100%" />
              </conditions>
            </line>
            <line number="90" hits="3" branch="False" />
            <line number="91" hits="3" branch="False" />
            <line number="92" hits="3" branch="False" />
            <line number="93" hits="3" branch="False" />
            <line number="95" hits="596" branch="False" />
            <line number="96" hits="596" branch="False" />
            <line number="99" hits="1468" branch="True" condition-coverage="100% (2/2)">
              <conditions>
                <condition number="502" type="jump" coverage="100%" />
              </conditions>
            </line>
            <line number="100" hits="590" branch="False" />
            <line number="101" hits="590" branch="False" />
            <line number="102" hits="590" branch="False" />
            <line number="103" hits="590" branch="False" />
            <line number="106" hits="590" branch="False" />
            <line number="107" hits="590" branch="False" />
            <line number="109" hits="590" branch="True" condition-coverage="100% (2/2)">
              <conditions>
                <condition number="477" type="jump" coverage="100%" />
              </conditions>
            </line>
            <line number="110" hits="131" branch="False" />
            <line number="111" hits="131" branch="False" />
            <line number="112" hits="131" branch="False" />
            <line number="113" hits="131" branch="False" />
            <line number="114" hits="590" branch="False" />
            <line number="116" hits="96" branch="False" />
            <line number="117" hits="96" branch="False" />
            <line number="118" hits="102" branch="False" />
            <line number="140" hits="2223258" branch="False" />
            <line number="142" hits="2685563" branch="True" condition-coverage="100% (2/2)">
              <conditions>
                <condition number="11" type="jump" coverage="100%" />
              </conditions>
            </line>
            <line number="143" hits="2071020" branch="True" condition-coverage="100% (2/2)">
              <conditions>
                <condition number="35" type="jump" coverage="100%" />
              </conditions>
            </line>
            <line number="144" hits="1595912" branch="True" condition-coverage="100% (2/2)">
              <conditions>
                <condition number="57" type="jump" coverage="100%" />
              </conditions>
            </line>
            <line number="146" hits="1305860" branch="True" condition-coverage="100% (2/2)">
              <conditions>
                <condition number="71" type="jump" coverage="100%" />
              </conditions>
            </line>
            <line number="147" hits="749756" branch="False" />
            <line number="148" hits="749756" branch="False" />
            <line number="149" hits="749756" branch="False" />
            <line number="151" hits="4101600" branch="True" condition-coverage="100% (2/2)">
              <conditions>
                <condition number="275" type="jump" coverage="100%" />
              </conditions>
            </line>
            <line number="152" hits="1162845" branch="False" />
            <line number="153" hits="1162845" branch="False" />
            <line number="154" hits="1162845" branch="False" />
            <line number="155" hits="1162845" branch="False" />
            <line number="157" hits="1162845" branch="False" />
            <line number="158" hits="1162845" branch="False" />
            <line number="161" hits="1162845" branch="True" condition-coverage="100% (2/2)">
              <conditions>
                <condition number="209" type="jump" coverage="100%" />
              </conditions>
            </line>
            <line number="162" hits="473358" branch="False" />
            <line number="163" hits="473358" branch="False" />
            <line number="164" hits="473358" branch="False" />
            <line number="166" hits="689487" branch="False" />
            <line number="167" hits="749756" branch="False" />
            <line number="170" hits="556104" branch="False" />
            <line number="171" hits="556104" branch="False" />
            <line number="172" hits="556104" branch="False" />
            <line number="174" hits="3408218" branch="True" condition-coverage="100% (2/2)">
              <conditions>
                <condition number="505" type="jump" coverage="100%" />
              </conditions>
            </line>
            <line number="175" hits="1059823" branch="False" />
            <line number="176" hits="1059823" branch="False" />
            <line number="177" hits="1059823" branch="False" />
            <line number="178" hits="1059823" branch="False" />
            <line number="180" hits="1059823" branch="False" />
            <line number="181" hits="1059823" branch="False" />
            <line number="184" hits="1059823" branch="True" condition-coverage="100% (2/2)">
              <conditions>
                <condition number="439" type="jump" coverage="100%" />
              </conditions>
            </line>
            <line number="185" hits="379740" branch="False" />
            <line number="186" hits="379740" branch="False" />
            <line number="187" hits="379740" branch="False" />
            <line number="189" hits="680083" branch="False" />
            <line number="190" hits="556104" branch="False" />
            <line number="192" hits="2223258" branch="False" />
            <line number="199" hits="35" branch="False" />
            <line number="202" hits="35" branch="False" />
            <line number="204" hits="350" branch="True" condition-coverage="100% (2/2)">
              <conditions>
                <condition number="100" type="jump" coverage="100%" />
              </conditions>
            </line>
            <line number="205" hits="140" branch="False" />
            <line number="206" hits="140" branch="False" />
            <line number="207" hits="140" branch="False" />
            <line number="208" hits="140" branch="False" />
            <line number="210" hits="35" branch="False" />
            <line number="211" hits="35" branch="False" />
            <line number="214" hits="140" branch="False" />
            <line number="215" hits="140" branch="False" />
            <line number="216" hits="140" branch="False" />
            <line number="218" hits="2164" branch="True" condition-coverage="100% (2/2)">
              <conditions>
                <condition number="131" type="jump" coverage="100%" />
              </conditions>
            </line>
            <line number="219" hits="872" branch="False" />
            <line number="220" hits="872" branch="False" />
            <line number="221" hits="872" branch="False" />
            <line number="222" hits="872" branch="False" />
            <line number="224" hits="872" branch="True" condition-coverage="100% (2/2)">
              <conditions>
                <condition number="107" type="jump" coverage="100%" />
              </conditions>
            </line>
            <line number="225" hits="262" branch="False" />
            <line number="226" hits="262" branch="False" />
[...]
          </lines>
        </class>
        <class name="XoHub.Server.Controllers.UserStatusResponse" filename="Controllers\AuthController.cs" line-rate="1" branch-rate="1" complexity="4">
          <methods>
            <method name="get_UserId" signature="()" line-rate="1" branch-rate="1" complexity="1">
              <lines>
                <line number="300" hits="8" branch="False" />
              </lines>
            </method>
            <method name="get_UserName" signature="()" line-rate="1" branch-rate="1" complexity="1">
              <lines>
                <line number="301" hits="8" branch="False" />
              </lines>
            </method>
            <method name="get_IsAuthenticated" signature="()" line-rate="1" branch-rate="1" complexity="1">
              <lines>
                <line number="302" hits="5" branch="False" />
              </lines>
            </method>
            <method name="get_LastActivity" signature="()" line-rate="1" branch-rate="1" complexity="1">
              <lines>
                <line number="303" hits="4" branch="False" />
              </lines>
            </method>
          </methods>
          <lines>
            <line number="300" hits="8" branch="False" />
            <line number="301" hits="8" branch="False" />
            <line number="302" hits="5" branch="False" />
            <line number="303" hits="4" branch="False" />
          </lines>
        </class>
        <class name="XoHub.Server.Controllers.ApiControllerBase" filename="Controllers\BaseController.cs" line-rate="1" branch-rate="1" complexity="22">
          <methods>
            <method name="GetRequestId" signature="()" line-rate="1" branch-rate="1" complexity="1">
              <lines>
                <line number="23" hits="20" branch="False" />
              </lines>
            </method>
            <method name="GetClientIP" signature="()" line-rate="1" branch-rate="1" complexity="8">
              <lines>
                <line number="29" hits="26" branch="False" />
                <line number="31" hits="26" branch="True" condition-coverage="100% (2/2)">
                  <conditions>
                    <condition number="18" type="jump" coverage="100%" />
                  </conditions>
                </line>
                <line number="34" hits="26" branch="False" />
                <line number="35" hits="26" branch="True" condition-coverage="100% (2/2)">
                  <conditions>
                    <condition number="78" type="jump" coverage="100%" />
                  </conditions>
                </line>
                <line number="36" hits="19" branch="False" />
                <line number="37" hits="19" branch="False" />
                <line number="38" hits="19" branch="False" />
                <line number="40" hits="26" branch="False" />
                <line number="41" hits="26" branch="True" condition-coverage="100% (2/2)">
                  <conditions>
                    <condition number="152" type="jump" coverage="100%" />
                  </conditions>
                </line>
                <line number="42" hits="2" branch="False" />
                <line number="43" hits="2" branch="False" />
                <line number="44" hits="2" branch="False" />
                <line number="46" hits="26" branch="True" condition-coverage="100% (2/2)">
                  <conditions>
                    <condition number="160" type="jump" coverage="100%" />
                  </conditions>
                </line>
                <line number="47" hits="26" branch="False" />
              </lines>
            </method>
            <method name="GetUserAgent" signature="()" line-rate="1" branch-rate="1" complexity="2">
              <lines>
                <line number="53" hits="15" branch="False" />
                <line number="54" hits="15" branch="True" condition-coverage="100% (2/2)">
                  <conditions>
                    <condition number="38" type="jump" coverage="100%" />
                  </conditions>
                </line>
                <line number="55" hits="15" branch="False" />
              </lines>
            </method>
            <method name="CreateProblemDetails" signature="(System.String,System.String,System.Int32,System.String,System.Collections.Generic.List`1&lt;System.String&gt;)" line-rate="1" branch-rate="1" complexity="4">
              <lines>
                <line number="61" hits="29" branch="False" />
                <line number="62" hits="29" branch="False" />
                <line number="63" hits="29" branch="False" />
                <line number="64" hits="29" branch="False" />
                <line number="65" hits="29" branch="False" />
                <line number="66" hits="29" branch="False" />
                <line number="67" hits="29" branch="False" />
                <line number="68" hits="29" branch="False" />
                <line number="69" hits="29" branch="False" />
                <line number="71" hits="29" branch="True" condition-coverage="100% (4/4)">
                  <conditions>
                    <condition number="80" type="jump" coverage="100%" />
                    <condition number="94" type="jump" coverage="100%" />
                  </conditions>
                </line>
                <line number="72" hits="2" branch="False" />
                <line number="73" hits="2" branch="False" />
                <line number="74" hits="2" branch="False" />
                <line number="77" hits="29" branch="False" />
                <line number="79" hits="29" branch="False" />
                <line number="80" hits="29" branch="False" />
              </lines>
            </method>
            <method name="AddSecurityHeaders" signature="(System.String)" line-rate="1" branch-rate="1" complexity="1">
              <lines>
                <line number="86" hits="37" branch="False" />
                <line number="87" hits="37" branch="False" />
                <line number="88" hits="37" branch="False" />
                <line number="89" hits="37" branch="False" />
                <line number="90" hits="37" branch="False" />
                <line number="91" hits="37" branch="False" />
              </lines>
            </method>
            <method name="ApiSuccess" signature="(T,System.String)" line-rate="1" branch-rate="1" complexity="1">
              <lines>
                <line number="97" hits="6" branch="False" />
                <line number="98" hits="6" branch="False" />
                <line number="99" hits="6" branch="False" />
                <line number="101" hits="6" branch="False" />
                <line number="102" hits="6" branch="False" />
                <line number="103" hits="6" branch="False" />
                <line number="104" hits="6" branch="False" />
                <line number="105" hits="6" branch="False" />
                <line number="106" hits="6" branch="False" />
                <line number="107" hits="6" branch="False" />
                <line number="109" hits="6" branch="False" />
                <line number="110" hits="6" branch="False" />
              </lines>
            </method>
            <method name="ApiError" signature="(System.String,System.String,System.Int32)" line-rate="1" branch-rate="1" complexity="1">
              <lines>
                <line number="116" hits="9" branch="False" />
                <line number="117" hits="9" branch="False" />
                <line number="118" hits="9" branch="False" />
                <line number="119" hits="9" branch="False" />
              </lines>
            </method>
            <method name=".ctor" signature="(Microsoft.Extensions.Logging.ILogger,Microsoft.Extensions.Configuration.IConfiguration)" line-rate="1" branch-rate="1" complexity="4">
              <lines>
                <line number="14" hits="91" branch="False" />
                <line number="15" hits="91" branch="False" />
                <line number="16" hits="91" branch="True" condition-coverage="100% (2/2)">
                  <conditions>
                    <condition number="11" type="jump" coverage="100%" />
                  </conditions>
                </line>
                <line number="17" hits="89" branch="True" condition-coverage="100% (2/2)">
                  <conditions>
                    <condition number="33" type="jump" coverage="100%" />
                  </conditions>
                </line>
                <line number="18" hits="88" branch="False" />
              </lines>
            </method>
          </methods>
          <lines>
            <line number="23" hits="20" branch="False" />
            <line number="29" hits="26" branch="False" />
            <line number="31" hits="26" branch="True" condition-coverage="100% (2/2)">
              <conditions>
                <condition number="18" type="jump" coverage="100%" />
              </conditions>
            </line>
            <line number="34" hits="26" branch="False" />
            <line number="35" hits="26" branch="True" condition-coverage="100% (2/2)">
              <conditions>
                <condition number="78" type="jump" coverage="100%" />
              </conditions>
            </line>
            <line number="36" hits="19" branch="False" />
            <line number="37" hits="19" branch="False" />
            <line number="38" hits="19" branch="False" />
            <line number="40" hits="26" branch="False" />
            <line number="41" hits="26" branch="True" condition-coverage="100% (2/2)">
              <conditions>
                <condition number="152" type="jump" coverage="100%" />
              </conditions>
            </line>
            <line number="42" hits="2" branch="False" />
            <line number="43" hits="2" branch="False" />
            <line number="44" hits="2" branch="False" />
            <line number="46" hits="26" branch="True" condition-coverage="100% (2/2)">
              <conditions>
                <condition number="160" type="jump" coverage="100%" />
              </conditions>
            </line>
            <line number="47" hits="26" branch="False" />
            <line number="53" hits="15" branch="False" />
            <line number="54" hits="15" branch="True" condition-coverage="100% (2/2)">
              <conditions>
                <condition number="38" type="jump" coverage="100%" />
              </conditions>
            </line>
            <line number="55" hits="15" branch="False" />
            <line number="61" hits="29" branch="False" />
            <line number="62" hits="29" branch="False" />
            <line number="63" hits="29" branch="False" />
            <line number="64" hits="29" branch="False" />
            <line number="65" hits="29" branch="False" />
            <line number="66" hits="29" branch="False" />
            <line number="67" hits="29" branch="False" />
            <line number="68" hits="29" branch="False" />
            <line number="69" hits="29" branch="False" />
            <line number="71" hits="29" branch="True" condition-coverage="100% (4/4)">
              <conditions>
                <condition number="80" type="jump" coverage="100%" />
                <condition number="94" type="jump" coverage="100%" />
              </conditions>
            </line>
            <line number="72" hits="2" branch="False" />
            <line number="73" hits="2" branch="False" />
            <line number="74" hits="2" branch="False" />
            <line number="77" hits="29" branch="False" />
            <line number="79" hits="29" branch="False" />
            <line number="80" hits="29" branch="False" />
            <line number="86" hits="37" branch="False" />
            <line number="87" hits="37" branch="False" />
            <line number="88" hits="37" branch="False" />
            <line number="89" hits="37" branch="False" />
            <line number="90" hits="37" branch="False" />
            <line number="91" hits="37" branch="False" />
            <line number="97" hits="6" branch="False" />
            <line number="98" hits="6" branch="False" />
            <line number="99" hits="6" branch="False" />
            <line number="101" hits="6" branch="False" />
            <line number="102" hits="6" branch="False" />
            <line number="103" hits="6" branch="False" />
            <line number="104" hits="6" branch="False" />
            <line number="105" hits="6" branch="False" />
            <line number="106" hits="6" branch="False" />
            <line number="107" hits="6" branch="False" />
            <line number="109" hits="6" branch="False" />
            <line number="110" hits="6" branch="False" />
            <line number="116" hits="9" branch="False" />
            <line number="117" hits="9" branch="False" />
            <line number="118" hits="9" branch="False" />
            <line number="119" hits="9" branch="False" />
            <line number="14" hits="91" branch="False" />
            <line number="15" hits="91" branch="False" />
            <line number="16" hits="91" branch="True" condition-coverage="100% (2/2)">
              <conditions>
                <condition number="11" type="jump" coverage="100%" />
              </conditions>
            </line>
            <line number="17" hits="89" branch="True" condition-coverage="100% (2/2)">
              <conditions>
                <condition number="33" type="jump" coverage="100%" />
              </conditions>
            </line>
            <line number="18" hits="88" branch="False" />
          </lines>
        </class>
        <class name="XoHub.Server.Controllers.JwksController" filename="Controllers\JwksController.cs" line-rate="0" branch-rate="1" complexity="1">
          <methods>
            <method name=".ctor" signature="(XoHub.Server.Services.IKeyManager,Microsoft.Extensions.Caching.Distributed.IDistributedCache,Microsoft.Extensions.Logging.ILogger`1&lt;XoHub.Server.Controllers.JwksController&gt;)" line-rate="0" branch-rate="1" complexity="1">
              <lines>
                <line number="23" hits="0" branch="False" />
                <line number="24" hits="0" branch="False" />
                <line number="25" hits="0" branch="False" />
                <line number="26" hits="0" branch="False" />
                <line number="27" hits="0" branch="False" />
                <line number="28" hits="0" branch="False" />
                <line number="29" hits="0" branch="False" />
                <line number="30" hits="0" branch="False" />
                <line number="31" hits="0" branch="False" />
              </lines>
            </method>
          </methods>
          <lines>
            <line number="23" hits="0" branch="False" />
            <line number="24" hits="0" branch="False" />
            <line number="25" hits="0" branch="False" />
            <line number="26" hits="0" branch="False" />
            <line number="27" hits="0" branch="False" />
            <line number="28" hits="0" branch="False" />
            <line number="29" hits="0" branch="False" />
            <line number="30" hits="0" branch="False" />
            <line number="31" hits="0" branch="False" />
          </lines>
        </class>
        <class name="XoHub.Server.Controllers.JwksController/&lt;GetJwks&gt;d__4" filename="Controllers\JwksController.cs" line-rate="0" branch-rate="0" complexity="4">
          <methods>
            <method name="MoveNext" signature="()" line-rate="0" branch-rate="0" complexity="4">
              <lines>
                <line number="44" hits="0" branch="False" />
                <line number="46" hits="0" branch="False" />
                <line number="48" hits="0" branch="False" />
                <line number="49" hits="0" branch="False" />
                <line number="51" hits="0" branch="True" condition-coverage="0% (0/2)">
                  <conditions>
                    <condition number="211" type="jump" coverage="0%" />
                  </conditions>
                </line>
                <line number="52" hits="0" branch="False" />
                <line number="53" hits="0" branch="False" />
                <line number="54" hits="0" branch="False" />
                <line number="58" hits="0" branch="False" />
                <line number="61" hits="0" branch="False" />
                <line number="62" hits="0" branch="False" />
                <line number="63" hits="0" branch="False" />
                <line number="64" hits="0" branch="False" />
                <line number="66" hits="0" branch="False" />
                <line number="67" hits="0" branch="False" />
                <line number="68" hits="0" branch="False" />
                <line number="69" hits="0" branch="False" />
                <line number="71" hits="0" branch="False" />
                <line number="73" hits="0" branch="True" condition-coverage="0% (0/2)">
                  <conditions>
                    <condition number="531" type="jump" coverage="0%" />
                  </conditions>
                </line>
                <line number="74" hits="0" branch="False" />
                <line number="76" hits="0" branch="False" />
                <line number="78" hits="0" branch="False" />
                <line number="79" hits="0" branch="False" />
                <line number="80" hits="0" branch="False" />
                <line number="81" hits="0" branch="False" />
                <line number="83" hits="0" branch="False" />
              </lines>
            </method>
          </methods>
          <lines>
            <line number="44" hits="0" branch="False" />
            <line number="46" hits="0" branch="False" />
            <line number="48" hits="0" branch="False" />
            <line number="49" hits="0" branch="False" />
            <line number="51" hits="0" branch="True" condition-coverage="0% (0/2)">
              <conditions>
                <condition number="211" type="jump" coverage="0%" />
              </conditions>
            </line>
            <line number="52" hits="0" branch="False" />
            <line number="53" hits="0" branch="False" />
            <line number="54" hits="0" branch="False" />
            <line number="58" hits="0" branch="False" />
            <line number="61" hits="0" branch="False" />
            <line number="62" hits="0" branch="False" />
            <line number="63" hits="0" branch="False" />
            <line number="64" hits="0" branch="False" />
            <line number="66" hits="0" branch="False" />
            <line number="67" hits="0" branch="False" />
            <line number="68" hits="0" branch="False" />
            <line number="69" hits="0" branch="False" />
            <line number="71" hits="0" branch="False" />
            <line number="73" hits="0" branch="True" condition-coverage="0% (0/2)">
              <conditions>
                <condition number="531" type="jump" coverage="0%" />
              </conditions>
            </line>
            <line number="74" hits="0" branch="False" />
            <line number="76" hits="0" branch="False" />
            <line number="78" hits="0" branch="False" />
            <line number="79" hits="0" branch="False" />
            <line number="80" hits="0" branch="False" />
            <line number="81" hits="0" branch="False" />
            <line number="83" hits="0" branch="False" />
          </lines>
        </class>
      </classes>
    </package>
  </packages>
</coverage>